[01m[K/home/nvidia/ebox_qt_ws/src/ebox_qt_pkg/src/ebox_mainwindow.cpp:[m[K In constructor ‘[01m[KEboxmainwindow::Eboxmainwindow(QWidget*)[m[K’:
[01m[K/home/nvidia/ebox_qt_ws/src/ebox_qt_pkg/src/ebox_mainwindow.cpp:17:71:[m[K [01;31m[Kerror: [m[Kno matching function for call to ‘[01m[Kinit(ros::init_options::InitOption, const char [21])[m[K’
   17 |   ros::init(ros::init_options::NoSigintHandler, "ebox_mainwindow_node"[01;31m[K)[m[K;
      |                                                                       [01;31m[K^[m[K
In file included from [01m[K/opt/ros/noetic/include/ros/node_handle.h:47[m[K,
                 from [01m[K/opt/ros/noetic/include/ros/ros.h:45[m[K,
                 from [01m[K/home/nvidia/ebox_qt_ws/src/ebox_qt_pkg/src/../include/ebox_qt_pkg/ebox_mainwindow.h:6[m[K,
                 from [01m[K/home/nvidia/ebox_qt_ws/src/ebox_qt_pkg/src/ebox_mainwindow.cpp:1[m[K:
[01m[K/opt/ros/noetic/include/ros/init.h:83:18:[m[K [01;36m[Knote: [m[Kcandidate: ‘[01m[Kvoid ros::init(int&, char**, const string&, uint32_t)[m[K’
   83 | ROSCPP_DECL void [01;36m[Kinit[m[K(int &argc, char **argv, const std::string& name, uint32_t options = 0);
      |                  [01;36m[K^~~~[m[K
[01m[K/opt/ros/noetic/include/ros/init.h:83:18:[m[K [01;36m[Knote: [m[K  candidate expects 4 arguments, 2 provided
In file included from [01m[K/opt/ros/noetic/include/ros/node_handle.h:47[m[K,
                 from [01m[K/opt/ros/noetic/include/ros/ros.h:45[m[K,
                 from [01m[K/home/nvidia/ebox_qt_ws/src/ebox_qt_pkg/src/../include/ebox_qt_pkg/ebox_mainwindow.h:6[m[K,
                 from [01m[K/home/nvidia/ebox_qt_ws/src/ebox_qt_pkg/src/ebox_mainwindow.cpp:1[m[K:
[01m[K/opt/ros/noetic/include/ros/init.h:93:18:[m[K [01;36m[Knote: [m[Kcandidate: ‘[01m[Kvoid ros::init(const M_string&, const string&, uint32_t)[m[K’
   93 | ROSCPP_DECL void [01;36m[Kinit[m[K(const M_string& remappings, const std::string& name, uint32_t options = 0);
      |                  [01;36m[K^~~~[m[K
[01m[K/opt/ros/noetic/include/ros/init.h:93:39:[m[K [01;36m[Knote: [m[K  no known conversion for argument 1 from ‘[01m[Kros::init_options::InitOption[m[K’ to ‘[01m[Kconst M_string&[m[K’ {aka ‘[01m[Kconst std::map<std::__cxx11::basic_string<char>, std::__cxx11::basic_string<char> >&[m[K’}
   93 | ROSCPP_DECL void init([01;36m[Kconst M_string& remappings[m[K, const std::string& name, uint32_t options = 0);
      |                       [01;36m[K~~~~~~~~~~~~~~~~^~~~~~~~~~[m[K
[01m[K/opt/ros/noetic/include/ros/init.h:103:18:[m[K [01;36m[Knote: [m[Kcandidate: ‘[01m[Kvoid ros::init(const VP_string&, const string&, uint32_t)[m[K’
  103 | ROSCPP_DECL void [01;36m[Kinit[m[K(const VP_string& remapping_args, const std::string& name, uint32_t options = 0);
      |                  [01;36m[K^~~~[m[K
[01m[K/opt/ros/noetic/include/ros/init.h:103:40:[m[K [01;36m[Knote: [m[K  no known conversion for argument 1 from ‘[01m[Kros::init_options::InitOption[m[K’ to ‘[01m[Kconst VP_string&[m[K’ {aka ‘[01m[Kconst std::vector<std::pair<std::__cxx11::basic_string<char>, std::__cxx11::basic_string<char> > >&[m[K’}
  103 | ROSCPP_DECL void init([01;36m[Kconst VP_string& remapping_args[m[K, const std::string& name, uint32_t options = 0);
      |                       [01;36m[K~~~~~~~~~~~~~~~~~^~~~~~~~~~~~~~[m[K
make[2]: *** [CMakeFiles/ebox_mainwindow_node.dir/build.make:97: CMakeFiles/ebox_mainwindow_node.dir/src/ebox_mainwindow.cpp.o] Error 1
make[1]: *** [CMakeFiles/Makefile2:210: CMakeFiles/ebox_mainwindow_node.dir/all] Error 2
make: *** [Makefile:141: all] Error 2
