[01m[K/home/nvidia/ebox_qt_ws/src/ebox_qt_pkg/src/ebox_mainwindow.cpp:[m[K In constructor ‘[01m[KEboxmainwindow::Eboxmainwindow(QWidget*)[m[K’:
[01m[K/home/nvidia/ebox_qt_ws/src/ebox_qt_pkg/src/ebox_mainwindow.cpp:15:52:[m[K [01;31m[Kerror: [m[Kno matching function for call to ‘[01m[KEboxmainwindow::connect(QTimer*, void (QTimer::*)(QTimer::QPrivateSignal), <unresolved overloaded function type>)[m[K’
   15 |   QObject::connect(&timer, &QTimer::timeout, update[01;31m[K)[m[K;
      |                                                    [01;31m[K^[m[K
In file included from [01m[K/usr/include/aarch64-linux-gnu/qt5/QtWidgets/qwidget.h:45[m[K,
                 from [01m[K/usr/include/aarch64-linux-gnu/qt5/QtWidgets/QWidget:1[m[K,
                 from [01m[K/home/nvidia/ebox_qt_ws/src/ebox_qt_pkg/src/../include/ebox_qt_pkg/ebox_mainwindow.h:4[m[K,
                 from [01m[K/home/nvidia/ebox_qt_ws/src/ebox_qt_pkg/src/ebox_mainwindow.cpp:1[m[K:
[01m[K/usr/include/aarch64-linux-gnu/qt5/QtCore/qobject.h:208:36:[m[K [01;36m[Knote: [m[Kcandidate: ‘[01m[Kstatic QMetaObject::Connection QObject::connect(const QObject*, const char*, const QObject*, const char*, Qt::ConnectionType)[m[K’
  208 |     static QMetaObject::Connection [01;36m[Kconnect[m[K(const QObject *sender, const char *signal,
      |                                    [01;36m[K^~~~~~~[m[K
[01m[K/usr/include/aarch64-linux-gnu/qt5/QtCore/qobject.h:208:36:[m[K [01;36m[Knote: [m[K  candidate expects 5 arguments, 3 provided
[01m[K/usr/include/aarch64-linux-gnu/qt5/QtCore/qobject.h:211:36:[m[K [01;36m[Knote: [m[Kcandidate: ‘[01m[Kstatic QMetaObject::Connection QObject::connect(const QObject*, const QMetaMethod&, const QObject*, const QMetaMethod&, Qt::ConnectionType)[m[K’
  211 |     static QMetaObject::Connection [01;36m[Kconnect[m[K(const QObject *sender, const QMetaMethod &signal,
      |                                    [01;36m[K^~~~~~~[m[K
[01m[K/usr/include/aarch64-linux-gnu/qt5/QtCore/qobject.h:211:36:[m[K [01;36m[Knote: [m[K  candidate expects 5 arguments, 3 provided
[01m[K/usr/include/aarch64-linux-gnu/qt5/QtCore/qobject.h:463:32:[m[K [01;36m[Knote: [m[Kcandidate: ‘[01m[KQMetaObject::Connection QObject::connect(const QObject*, const char*, const char*, Qt::ConnectionType) const[m[K’
  463 | inline QMetaObject::Connection [01;36m[KQObject[m[K::connect(const QObject *asender, const char *asignal,
      |                                [01;36m[K^~~~~~~[m[K
[01m[K/usr/include/aarch64-linux-gnu/qt5/QtCore/qobject.h:463:85:[m[K [01;36m[Knote: [m[K  no known conversion for argument 2 from ‘[01m[Kvoid (QTimer::*)(QTimer::QPrivateSignal)[m[K’ to ‘[01m[Kconst char*[m[K’
  463 | inline QMetaObject::Connection QObject::connect(const QObject *asender, [01;36m[Kconst char *asignal[m[K,
      |                                                                         [01;36m[K~~~~~~~~~~~~^~~~~~~[m[K
[01m[K/usr/include/aarch64-linux-gnu/qt5/QtCore/qobject.h:228:43:[m[K [01;36m[Knote: [m[Kcandidate: ‘[01m[Ktemplate<class Func1, class Func2> static QMetaObject::Connection QObject::connect(const typename QtPrivate::FunctionPointer<Func>::Object*, Func1, const typename QtPrivate::FunctionPointer<Func2>::Object*, Func2, Qt::ConnectionType)[m[K’
  228 |     static inline QMetaObject::Connection [01;36m[Kconnect[m[K(const typename QtPrivate::FunctionPointer<Func1>::Object *sender, Func1 signal,
      |                                           [01;36m[K^~~~~~~[m[K
[01m[K/usr/include/aarch64-linux-gnu/qt5/QtCore/qobject.h:228:43:[m[K [01;36m[Knote: [m[K  template argument deduction/substitution failed:
[01m[K/home/nvidia/ebox_qt_ws/src/ebox_qt_pkg/src/ebox_mainwindow.cpp:15:52:[m[K [01;36m[Knote: [m[K  candidate expects 5 arguments, 3 provided
   15 |   QObject::connect(&timer, &QTimer::timeout, update[01;36m[K)[m[K;
      |                                                    [01;36m[K^[m[K
In file included from [01m[K/usr/include/aarch64-linux-gnu/qt5/QtWidgets/qwidget.h:45[m[K,
                 from [01m[K/usr/include/aarch64-linux-gnu/qt5/QtWidgets/QWidget:1[m[K,
                 from [01m[K/home/nvidia/ebox_qt_ws/src/ebox_qt_pkg/src/../include/ebox_qt_pkg/ebox_mainwindow.h:4[m[K,
                 from [01m[K/home/nvidia/ebox_qt_ws/src/ebox_qt_pkg/src/ebox_mainwindow.cpp:1[m[K:
[01m[K/usr/include/aarch64-linux-gnu/qt5/QtCore/qobject.h:260:13:[m[K [01;36m[Knote: [m[Kcandidate: ‘[01m[Ktemplate<class Func1, class Func2> static typename std::enable_if<((int)(QtPrivate::FunctionPointer<Func2>::ArgumentCount) >= 0), QMetaObject::Connection>::type QObject::connect(const typename QtPrivate::FunctionPointer<Func>::Object*, Func1, Func2)[m[K’
  260 |             [01;36m[Kconnect[m[K(const typename QtPrivate::FunctionPointer<Func1>::Object *sender, Func1 signal, Func2 slot)
      |             [01;36m[K^~~~~~~[m[K
[01m[K/usr/include/aarch64-linux-gnu/qt5/QtCore/qobject.h:260:13:[m[K [01;36m[Knote: [m[K  template argument deduction/substitution failed:
[01m[K/home/nvidia/ebox_qt_ws/src/ebox_qt_pkg/src/ebox_mainwindow.cpp:15:52:[m[K [01;36m[Knote: [m[K  couldn’t deduce template parameter ‘[01m[KFunc2[m[K’
   15 |   QObject::connect(&timer, &QTimer::timeout, update[01;36m[K)[m[K;
      |                                                    [01;36m[K^[m[K
In file included from [01m[K/usr/include/aarch64-linux-gnu/qt5/QtWidgets/qwidget.h:45[m[K,
                 from [01m[K/usr/include/aarch64-linux-gnu/qt5/QtWidgets/QWidget:1[m[K,
                 from [01m[K/home/nvidia/ebox_qt_ws/src/ebox_qt_pkg/src/../include/ebox_qt_pkg/ebox_mainwindow.h:4[m[K,
                 from [01m[K/home/nvidia/ebox_qt_ws/src/ebox_qt_pkg/src/ebox_mainwindow.cpp:1[m[K:
[01m[K/usr/include/aarch64-linux-gnu/qt5/QtCore/qobject.h:269:13:[m[K [01;36m[Knote: [m[Kcandidate: ‘[01m[Ktemplate<class Func1, class Func2> static typename std::enable_if<(((int)(QtPrivate::FunctionPointer<Func2>::ArgumentCount) >= 0) && (! QtPrivate::FunctionPointer<Func2>::IsPointerToMemberFunction)), QMetaObject::Connection>::type QObject::connect(const typename QtPrivate::FunctionPointer<Func>::Object*, Func1, const QObject*, Func2, Qt::ConnectionType)[m[K’
  269 |             [01;36m[Kconnect[m[K(const typename QtPrivate::FunctionPointer<Func1>::Object *sender, Func1 signal, const QObject *context, Func2 slot,
      |             [01;36m[K^~~~~~~[m[K
[01m[K/usr/include/aarch64-linux-gnu/qt5/QtCore/qobject.h:269:13:[m[K [01;36m[Knote: [m[K  template argument deduction/substitution failed:
[01m[K/home/nvidia/ebox_qt_ws/src/ebox_qt_pkg/src/ebox_mainwindow.cpp:15:52:[m[K [01;36m[Knote: [m[K  candidate expects 5 arguments, 3 provided
   15 |   QObject::connect(&timer, &QTimer::timeout, update[01;36m[K)[m[K;
      |                                                    [01;36m[K^[m[K
In file included from [01m[K/usr/include/aarch64-linux-gnu/qt5/QtWidgets/qwidget.h:45[m[K,
                 from [01m[K/usr/include/aarch64-linux-gnu/qt5/QtWidgets/QWidget:1[m[K,
                 from [01m[K/home/nvidia/ebox_qt_ws/src/ebox_qt_pkg/src/../include/ebox_qt_pkg/ebox_mainwindow.h:4[m[K,
                 from [01m[K/home/nvidia/ebox_qt_ws/src/ebox_qt_pkg/src/ebox_mainwindow.cpp:1[m[K:
[01m[K/usr/include/aarch64-linux-gnu/qt5/QtCore/qobject.h:300:13:[m[K [01;36m[Knote: [m[Kcandidate: ‘[01m[Ktemplate<class Func1, class Func2> static typename std::enable_if<(QtPrivate::FunctionPointer<Func2>::ArgumentCount == -1), QMetaObject::Connection>::type QObject::connect(const typename QtPrivate::FunctionPointer<Func>::Object*, Func1, Func2)[m[K’
  300 |             [01;36m[Kconnect[m[K(const typename QtPrivate::FunctionPointer<Func1>::Object *sender, Func1 signal, Func2 slot)
      |             [01;36m[K^~~~~~~[m[K
[01m[K/usr/include/aarch64-linux-gnu/qt5/QtCore/qobject.h:300:13:[m[K [01;36m[Knote: [m[K  template argument deduction/substitution failed:
[01m[K/home/nvidia/ebox_qt_ws/src/ebox_qt_pkg/src/ebox_mainwindow.cpp:15:52:[m[K [01;36m[Knote: [m[K  couldn’t deduce template parameter ‘[01m[KFunc2[m[K’
   15 |   QObject::connect(&timer, &QTimer::timeout, update[01;36m[K)[m[K;
      |                                                    [01;36m[K^[m[K
In file included from [01m[K/usr/include/aarch64-linux-gnu/qt5/QtWidgets/qwidget.h:45[m[K,
                 from [01m[K/usr/include/aarch64-linux-gnu/qt5/QtWidgets/QWidget:1[m[K,
                 from [01m[K/home/nvidia/ebox_qt_ws/src/ebox_qt_pkg/src/../include/ebox_qt_pkg/ebox_mainwindow.h:4[m[K,
                 from [01m[K/home/nvidia/ebox_qt_ws/src/ebox_qt_pkg/src/ebox_mainwindow.cpp:1[m[K:
[01m[K/usr/include/aarch64-linux-gnu/qt5/QtCore/qobject.h:308:13:[m[K [01;36m[Knote: [m[Kcandidate: ‘[01m[Ktemplate<class Func1, class Func2> static typename std::enable_if<(QtPrivate::FunctionPointer<Func2>::ArgumentCount == -1), QMetaObject::Connection>::type QObject::connect(const typename QtPrivate::FunctionPointer<Func>::Object*, Func1, const QObject*, Func2, Qt::ConnectionType)[m[K’
  308 |             [01;36m[Kconnect[m[K(const typename QtPrivate::FunctionPointer<Func1>::Object *sender, Func1 signal, const QObject *context, Func2 slot,
      |             [01;36m[K^~~~~~~[m[K
[01m[K/usr/include/aarch64-linux-gnu/qt5/QtCore/qobject.h:308:13:[m[K [01;36m[Knote: [m[K  template argument deduction/substitution failed:
[01m[K/home/nvidia/ebox_qt_ws/src/ebox_qt_pkg/src/ebox_mainwindow.cpp:15:52:[m[K [01;36m[Knote: [m[K  candidate expects 5 arguments, 3 provided
   15 |   QObject::connect(&timer, &QTimer::timeout, update[01;36m[K)[m[K;
      |                                                    [01;36m[K^[m[K
make[2]: *** [CMakeFiles/ebox_mainwindow_node.dir/build.make:97: CMakeFiles/ebox_mainwindow_node.dir/src/ebox_mainwindow.cpp.o] Error 1
make[2]: *** Waiting for unfinished jobs....
make[1]: *** [CMakeFiles/Makefile2:210: CMakeFiles/ebox_mainwindow_node.dir/all] Error 2
make: *** [Makefile:141: all] Error 2
